Subject Number: 3
Block: 1
Block information: happy target and sad distraction
Your accurancy rate is: 0.9166666666666666
Your average reaction time is: 0.24823841818165834

Subject Number: 3
Block: 2
Block information: happy target and neutral distraction
Your accurancy rate is: 0.5833333333333334
Your average reaction time is: 0.6190551714283045

Subject Number: 3
Block: 3
Block information: neutral target and happy distraction
Your accurancy rate is: 0.4166666666666667
Your average reaction time is: 0.5864064599998529

Subject Number: 3
Block: 4
Block information: neutral target and sad distraction
Your accurancy rate is: 0.8333333333333334
Your average reaction time is: 0.46495863999953146

Subject Number: 3
Block: 5
Block information: sad target and happy distraction
Your accurancy rate is: 0.8333333333333334
Your average reaction time is: 0.421565329999612

Subject Number: 3
Block: 6
Block information: sad target and neutral distraction
Your accurancy rate is: 0.8333333333333334
Your average reaction time is: 0.5819514299999355


WHOLE RESULTS:
Your whole accurancy rate is: 0.7361111111111112
Your whole average reaction time is: 0.7712748468745758
Your Emotional deviation score is: -0.17332691181795365
