被试编号(Subject Number)： 9
组块数Block: 1
组块信息(Block information): 积极情绪-回溯1组符号对
您在该组块的平均准确率为 (Your accurancy rate is): 0.9
您在该组块的平均反应时为(单位：秒)(Your average reaction time is): 1.4092941388884759

被试编号(Subject Number)： 9
组块数Block: 2
组块信息(Block information): 中性情绪-回溯1组符号对
您在该组块的平均准确率为 (Your accurancy rate is): 0.7
您在该组块的平均反应时为(单位：秒)(Your average reaction time is): 1.9202328857140205

被试编号(Subject Number)： 9
组块数Block: 3
组块信息(Block information): 消极情绪-回溯1组符号对
您在该组块的平均准确率为 (Your accurancy rate is): 0.9
您在该组块的平均反应时为(单位：秒)(Your average reaction time is): 1.3477636166664222

被试编号(Subject Number)： 9
组块数Block: 4
组块信息(Block information): 积极情绪-回溯1组符号对
您在该组块的平均准确率为 (Your accurancy rate is): 0.55
您在该组块的平均反应时为(单位：秒)(Your average reaction time is): 1.483547790908853

被试编号(Subject Number)： 9
组块数Block: 5
组块信息(Block information): 中性情绪-回溯2组符号对
您在该组块的平均准确率为 (Your accurancy rate is): 0.8
您在该组块的平均反应时为(单位：秒)(Your average reaction time is): 1.6842611437497794

被试编号(Subject Number)： 9
组块数Block: 6
组块信息(Block information): 消极情绪-回溯2组符号对
您在该组块的平均准确率为 (Your accurancy rate is): 0.5
您在该组块的平均反应时为(单位：秒)(Your average reaction time is): 1.5203520399996706


总体结果(WHOLE RESULTS): 
您在总体平均准确率为(Your whole accurancy rate is): 0.725
您的总体平均反应时为(单位：秒)(Your whole average reaction time is  [s]): 1.5515060275859196
