被试编号(Subject Number)： 7
组块数Block: 1
组块信息(Block information): 积极情绪-回溯1组符号对
您在该组块的平均准确率为 (Your accurancy rate is): 0.85
您在该组块的平均反应时为(单位：秒)(Your average reaction time is): 1.3875970176493009

被试编号(Subject Number)： 7
组块数Block: 2
组块信息(Block information): 中性情绪-回溯1组符号对
您在该组块的平均准确率为 (Your accurancy rate is): 0.65
您在该组块的平均反应时为(单位：秒)(Your average reaction time is): 1.9254576615404893

被试编号(Subject Number)： 7
组块数Block: 3
组块信息(Block information): 消极情绪-回溯1组符号对
您在该组块的平均准确率为 (Your accurancy rate is): 1.0
您在该组块的平均反应时为(单位：秒)(Your average reaction time is): 1.5253325000016047

被试编号(Subject Number)： 7
组块数Block: 4
组块信息(Block information): 积极情绪-回溯1组符号对
您在该组块的平均准确率为 (Your accurancy rate is): 0.8
您在该组块的平均反应时为(单位：秒)(Your average reaction time is): 1.701550731250336

被试编号(Subject Number)： 7
组块数Block: 5
组块信息(Block information): 中性情绪-回溯2组符号对
您在该组块的平均准确率为 (Your accurancy rate is): 0.65
您在该组块的平均反应时为(单位：秒)(Your average reaction time is): 1.4163167230805043

被试编号(Subject Number)： 7
组块数Block: 6
组块信息(Block information): 消极情绪-回溯2组符号对
您在该组块的平均准确率为 (Your accurancy rate is): 0.75
您在该组块的平均反应时为(单位：秒)(Your average reaction time is): 1.6344318000027367


总体结果(WHOLE RESULTS): 
您在总体平均准确率为(Your whole accurancy rate is): 0.7833333333333333
您的总体平均反应时为(单位：秒)(Your whole average reaction time is  [s]): 1.5880867553211655
