被试编号(Subject Number)： 10
组块数Block: 1
组块信息(Block information): 积极情绪-回溯1组符号对
您在该组块的平均准确率为 (Your accurancy rate is): 0.9
您在该组块的平均反应时为(单位：秒)(Your average reaction time is): 0.6757944722244752

被试编号(Subject Number)： 10
组块数Block: 2
组块信息(Block information): 中性情绪-回溯1组符号对
您在该组块的平均准确率为 (Your accurancy rate is): 0.95
您在该组块的平均反应时为(单位：秒)(Your average reaction time is): 0.5653876789495514

被试编号(Subject Number)： 10
组块数Block: 3
组块信息(Block information): 消极情绪-回溯1组符号对
您在该组块的平均准确率为 (Your accurancy rate is): 1.0
您在该组块的平均反应时为(单位：秒)(Your average reaction time is): 0.7060283050022917

被试编号(Subject Number)： 10
组块数Block: 4
组块信息(Block information): 积极情绪-回溯1组符号对
您在该组块的平均准确率为 (Your accurancy rate is): 0.85
您在该组块的平均反应时为(单位：秒)(Your average reaction time is): 1.1007557764729854

被试编号(Subject Number)： 10
组块数Block: 5
组块信息(Block information): 中性情绪-回溯2组符号对
您在该组块的平均准确率为 (Your accurancy rate is): 0.75
您在该组块的平均反应时为(单位：秒)(Your average reaction time is): 1.2591850800020137

被试编号(Subject Number)： 10
组块数Block: 6
组块信息(Block information): 消极情绪-回溯2组符号对
您在该组块的平均准确率为 (Your accurancy rate is): 0.9
您在该组块的平均反应时为(单位：秒)(Your average reaction time is): 0.9971209500023784


总体结果(WHOLE RESULTS): 
您在总体平均准确率为(Your whole accurancy rate is): 0.825
您的总体平均反应时为(单位：秒)(Your whole average reaction time is  [s]): 0.9505374500021196
