被试编号(Subject Number)： 203
组块数Block: 1
组块信息(Block information): 积极情绪-回溯1组符号对
您在该组块的平均准确率为 (Your accurancy rate is): 0.8
您在该组块的平均反应时为(单位：秒)(Your average reaction time is): 1.1882375

被试编号(Subject Number)： 203
组块数Block: 2
组块信息(Block information): 中性情绪-回溯1组符号对
您在该组块的平均准确率为 (Your accurancy rate is): 0.8
您在该组块的平均反应时为(单位：秒)(Your average reaction time is): 0.9051125

被试编号(Subject Number)： 203
组块数Block: 3
组块信息(Block information): 消极情绪-回溯1组符号对
您在该组块的平均准确率为 (Your accurancy rate is): 0.4
您在该组块的平均反应时为(单位：秒)(Your average reaction time is): 1.1341875

被试编号(Subject Number)： 203
组块数Block: 4
组块信息(Block information): 积极情绪-回溯1组符号对
您在该组块的平均准确率为 (Your accurancy rate is): 0.15
您在该组块的平均反应时为(单位：秒)(Your average reaction time is): 2.2874

被试编号(Subject Number)： 203
组块数Block: 5
组块信息(Block information): 中性情绪-回溯2组符号对
您在该组块的平均准确率为 (Your accurancy rate is): 0.25
您在该组块的平均反应时为(单位：秒)(Your average reaction time is): 0.77412

被试编号(Subject Number)： 203
组块数Block: 6
组块信息(Block information): 消极情绪-回溯2组符号对
您在该组块的平均准确率为 (Your accurancy rate is): 0.6
您在该组块的平均反应时为(单位：秒)(Your average reaction time is): 1.0660166666666666


总体结果(WHOLE RESULTS): 
您在总体平均准确率为(Your whole accurancy rate is): 0.5
您的总体平均反应时为(单位：秒)(Your whole average reaction time is  [s]): 1.101535
