被试编号(Subject Number)： 12
组块数Block: 1
组块信息(Block information): 积极情绪-回溯1组符号对
您在该组块的平均准确率为 (Your accurancy rate is): 0.95
您在该组块的平均反应时为(单位：秒)(Your average reaction time is): 0.9278469263155881

被试编号(Subject Number)： 12
组块数Block: 2
组块信息(Block information): 中性情绪-回溯1组符号对
您在该组块的平均准确率为 (Your accurancy rate is): 0.7
您在该组块的平均反应时为(单位：秒)(Your average reaction time is): 1.0716729785709893

被试编号(Subject Number)： 12
组块数Block: 3
组块信息(Block information): 消极情绪-回溯1组符号对
您在该组块的平均准确率为 (Your accurancy rate is): 0.9
您在该组块的平均反应时为(单位：秒)(Your average reaction time is): 0.9470135833331975

被试编号(Subject Number)： 12
组块数Block: 4
组块信息(Block information): 积极情绪-回溯1组符号对
您在该组块的平均准确率为 (Your accurancy rate is): 0.7
您在该组块的平均反应时为(单位：秒)(Your average reaction time is): 1.334969049999732

被试编号(Subject Number)： 12
组块数Block: 5
组块信息(Block information): 中性情绪-回溯2组符号对
您在该组块的平均准确率为 (Your accurancy rate is): 0.35
您在该组块的平均反应时为(单位：秒)(Your average reaction time is): 2.29493698571423

被试编号(Subject Number)： 12
组块数Block: 6
组块信息(Block information): 消极情绪-回溯2组符号对
您在该组块的平均准确率为 (Your accurancy rate is): 0.45
您在该组块的平均反应时为(单位：秒)(Your average reaction time is): 1.7325299333329491


总体结果(WHOLE RESULTS): 
您在总体平均准确率为(Your whole accurancy rate is): 0.675
您的总体平均反应时为(单位：秒)(Your whole average reaction time is  [s]): 1.2348846024688886
