被试编号(Subject Number)： 11
组块数Block: 1
组块信息(Block information): 积极情绪-回溯1组符号对
您在该组块的平均准确率为 (Your accurancy rate is): 0.4
您在该组块的平均反应时为(单位：秒)(Your average reaction time is): 0.6255958000010651

被试编号(Subject Number)： 11
组块数Block: 2
组块信息(Block information): 中性情绪-回溯1组符号对
您在该组块的平均准确率为 (Your accurancy rate is): 0.9
您在该组块的平均反应时为(单位：秒)(Your average reaction time is): 0.9891369444454136

被试编号(Subject Number)： 11
组块数Block: 3
组块信息(Block information): 消极情绪-回溯1组符号对
您在该组块的平均准确率为 (Your accurancy rate is): 0.95
您在该组块的平均反应时为(单位：秒)(Your average reaction time is): 0.8764974263166024

被试编号(Subject Number)： 11
组块数Block: 4
组块信息(Block information): 积极情绪-回溯1组符号对
您在该组块的平均准确率为 (Your accurancy rate is): 0.8
您在该组块的平均反应时为(单位：秒)(Your average reaction time is): 1.6122838062512983

被试编号(Subject Number)： 11
组块数Block: 5
组块信息(Block information): 中性情绪-回溯2组符号对
您在该组块的平均准确率为 (Your accurancy rate is): 0.55
您在该组块的平均反应时为(单位：秒)(Your average reaction time is): 1.4840053181830049

被试编号(Subject Number)： 11
组块数Block: 6
组块信息(Block information): 消极情绪-回溯2组符号对
您在该组块的平均准确率为 (Your accurancy rate is): 0.75
您在该组块的平均反应时为(单位：秒)(Your average reaction time is): 1.497099573334223


总体结果(WHOLE RESULTS): 
您在总体平均准确率为(Your whole accurancy rate is): 0.725
您的总体平均反应时为(单位：秒)(Your whole average reaction time is  [s]): 1.1958594885067653
