被试编号(Subject Number)： 8
组块数Block: 1
组块信息(Block information): 积极情绪-回溯1组符号对
您在该组块的平均准确率为 (Your accurancy rate is): 0.95
您在该组块的平均反应时为(单位：秒)(Your average reaction time is): 0.6515313947353494

被试编号(Subject Number)： 8
组块数Block: 2
组块信息(Block information): 中性情绪-回溯1组符号对
您在该组块的平均准确率为 (Your accurancy rate is): 0.95
您在该组块的平均反应时为(单位：秒)(Your average reaction time is): 0.7970231368392553

被试编号(Subject Number)： 8
组块数Block: 3
组块信息(Block information): 消极情绪-回溯1组符号对
您在该组块的平均准确率为 (Your accurancy rate is): 1.0
您在该组块的平均反应时为(单位：秒)(Your average reaction time is): 0.7028248999984499

被试编号(Subject Number)： 8
组块数Block: 4
组块信息(Block information): 积极情绪-回溯1组符号对
您在该组块的平均准确率为 (Your accurancy rate is): 0.85
您在该组块的平均反应时为(单位：秒)(Your average reaction time is): 0.940309935293044

被试编号(Subject Number)： 8
组块数Block: 5
组块信息(Block information): 中性情绪-回溯2组符号对
您在该组块的平均准确率为 (Your accurancy rate is): 0.8
您在该组块的平均反应时为(单位：秒)(Your average reaction time is): 1.1710340187478323

被试编号(Subject Number)： 8
组块数Block: 6
组块信息(Block information): 消极情绪-回溯2组符号对
您在该组块的平均准确率为 (Your accurancy rate is): 0.95
您在该组块的平均反应时为(单位：秒)(Your average reaction time is): 1.0881796894728293


总体结果(WHOLE RESULTS): 
您在总体平均准确率为(Your whole accurancy rate is): 0.9166666666666666
您的总体平均反应时为(单位：秒)(Your whole average reaction time is  [s]): 0.8816023763619755
